Clock: clk
Sources: clk 
Generated: no
Virtual: yes
Propagated: no
Period: 20.000000

===========================================================================
report_clock_properties
============================================================================
Clock                   Period          Waveform
----------------------------------------------------
clk                  20.000000    0.000000 10.000000

===========================================================================
report_clock_latency
============================================================================
Clock clk
rise -> rise
    min     max
0.000000 0.000000 source latency
0.367318         network latency _412_/CLK
        0.372819 network latency _380_/CLK
---------------
0.367318 0.372819 latency
        0.005502 skew

fall -> fall
    min     max
0.000000 0.000000 source latency
0.343832         network latency _395_/CLK
        0.348781 network latency _380_/CLK
---------------
0.343832 0.348781 latency
        0.004949 skew



===========================================================================
report_clock_min_period
============================================================================
clk period_min = 3.20 fmax = 312.51
